

Started GET "/" for 127.0.0.1 at 2017-01-21 17:05:37 -0800
Processing by Rails::WelcomeController#index as HTML
  Rendered /Users/zack/.rvm/gems/ruby-2.0.0-p648@railstutorial_rails_4_0/gems/railties-4.0.8/lib/rails/templates/rails/welcome/index.html.erb (2.5ms)
Completed 200 OK in 12ms (Views: 10.8ms | ActiveRecord: 0.0ms)
  [1m[36m (5.4ms)[0m  [1mCREATE TABLE "schema_migrations" ("version" varchar(255) NOT NULL) [0m
  [1m[35m (1.5ms)[0m  CREATE UNIQUE INDEX "unique_schema_migrations" ON "schema_migrations" ("version")
  [1m[36mActiveRecord::SchemaMigration Load (0.2ms)[0m  [1mSELECT "schema_migrations".* FROM "schema_migrations"[0m
Migrating to CreateUsers (20170122224350)
  [1m[35m (0.1ms)[0m  begin transaction
  [1m[36m (0.6ms)[0m  [1mCREATE TABLE "users" ("id" INTEGER PRIMARY KEY AUTOINCREMENT NOT NULL, "name" varchar(255), "email" varchar(255), "created_at" datetime, "updated_at" datetime) [0m
  [1m[35mSQL (0.2ms)[0m  INSERT INTO "schema_migrations" ("version") VALUES (?)  [["version", "20170122224350"]]
  [1m[36m (1.4ms)[0m  [1mcommit transaction[0m
  [1m[35mActiveRecord::SchemaMigration Load (0.1ms)[0m  SELECT "schema_migrations".* FROM "schema_migrations"
  [1m[36mActiveRecord::SchemaMigration Load (0.6ms)[0m  [1mSELECT "schema_migrations".* FROM "schema_migrations"[0m
  [1m[35mActiveRecord::SchemaMigration Load (0.1ms)[0m  SELECT "schema_migrations".* FROM "schema_migrations"
  [1m[36mActiveRecord::SchemaMigration Load (0.3ms)[0m  [1mSELECT "schema_migrations".* FROM "schema_migrations"[0m
  [1m[35mActiveRecord::SchemaMigration Load (0.1ms)[0m  SELECT "schema_migrations".* FROM "schema_migrations"


Started GET "/" for 127.0.0.1 at 2017-01-22 15:09:59 -0800
  [1m[36mActiveRecord::SchemaMigration Load (0.7ms)[0m  [1mSELECT "schema_migrations".* FROM "schema_migrations"[0m
Processing by Rails::WelcomeController#index as HTML
  Rendered /Users/zack/.rvm/gems/ruby-2.0.0-p648@railstutorial_rails_4_0/gems/railties-4.0.8/lib/rails/templates/rails/welcome/index.html.erb (2.6ms)
Completed 200 OK in 17ms (Views: 16.2ms | ActiveRecord: 0.0ms)


Started GET "/" for 127.0.0.1 at 2017-01-22 15:13:05 -0800
Processing by Rails::WelcomeController#index as HTML
  Rendered /Users/zack/.rvm/gems/ruby-2.0.0-p648@railstutorial_rails_4_0/gems/railties-4.0.8/lib/rails/templates/rails/welcome/index.html.erb (0.1ms)
Completed 200 OK in 3ms (Views: 2.4ms | ActiveRecord: 0.0ms)


Started GET "/" for 127.0.0.1 at 2017-01-22 15:13:07 -0800
Processing by Rails::WelcomeController#index as HTML
  Rendered /Users/zack/.rvm/gems/ruby-2.0.0-p648@railstutorial_rails_4_0/gems/railties-4.0.8/lib/rails/templates/rails/welcome/index.html.erb (0.1ms)
Completed 200 OK in 2ms (Views: 1.5ms | ActiveRecord: 0.0ms)


Started GET "/1" for 127.0.0.1 at 2017-01-22 15:13:07 -0800

ActionController::RoutingError (No route matches [GET] "/1"):
  actionpack (4.0.8) lib/action_dispatch/middleware/debug_exceptions.rb:21:in `call'
  actionpack (4.0.8) lib/action_dispatch/middleware/show_exceptions.rb:30:in `call'
  railties (4.0.8) lib/rails/rack/logger.rb:38:in `call_app'
  railties (4.0.8) lib/rails/rack/logger.rb:20:in `block in call'
  activesupport (4.0.8) lib/active_support/tagged_logging.rb:68:in `block in tagged'
  activesupport (4.0.8) lib/active_support/tagged_logging.rb:26:in `tagged'
  activesupport (4.0.8) lib/active_support/tagged_logging.rb:68:in `tagged'
  railties (4.0.8) lib/rails/rack/logger.rb:20:in `call'
  actionpack (4.0.8) lib/action_dispatch/middleware/request_id.rb:21:in `call'
  rack (1.5.5) lib/rack/methodoverride.rb:21:in `call'
  rack (1.5.5) lib/rack/runtime.rb:17:in `call'
  activesupport (4.0.8) lib/active_support/cache/strategy/local_cache.rb:83:in `call'
  rack (1.5.5) lib/rack/lock.rb:17:in `call'
  actionpack (4.0.8) lib/action_dispatch/middleware/static.rb:64:in `call'
  rack (1.5.5) lib/rack/sendfile.rb:112:in `call'
  railties (4.0.8) lib/rails/engine.rb:511:in `call'
  railties (4.0.8) lib/rails/application.rb:97:in `call'
  rack (1.5.5) lib/rack/lock.rb:17:in `call'
  rack (1.5.5) lib/rack/content_length.rb:14:in `call'
  rack (1.5.5) lib/rack/handler/webrick.rb:60:in `service'
  /Users/zack/.rvm/rubies/ruby-2.0.0-p648/lib/ruby/2.0.0/webrick/httpserver.rb:138:in `service'
  /Users/zack/.rvm/rubies/ruby-2.0.0-p648/lib/ruby/2.0.0/webrick/httpserver.rb:94:in `run'
  /Users/zack/.rvm/rubies/ruby-2.0.0-p648/lib/ruby/2.0.0/webrick/server.rb:295:in `block in start_thread'


  Rendered /Users/zack/.rvm/gems/ruby-2.0.0-p648@railstutorial_rails_4_0/gems/actionpack-4.0.8/lib/action_dispatch/middleware/templates/rescues/_trace.erb (1.2ms)
  Rendered /Users/zack/.rvm/gems/ruby-2.0.0-p648@railstutorial_rails_4_0/gems/actionpack-4.0.8/lib/action_dispatch/middleware/templates/routes/_route.html.erb (1.8ms)
  Rendered /Users/zack/.rvm/gems/ruby-2.0.0-p648@railstutorial_rails_4_0/gems/actionpack-4.0.8/lib/action_dispatch/middleware/templates/routes/_table.html.erb (6.6ms)
  Rendered /Users/zack/.rvm/gems/ruby-2.0.0-p648@railstutorial_rails_4_0/gems/actionpack-4.0.8/lib/action_dispatch/middleware/templates/rescues/routing_error.erb within rescues/layout (36.2ms)


Started GET "/" for 127.0.0.1 at 2017-01-22 15:13:21 -0800
Processing by Rails::WelcomeController#index as HTML
  Rendered /Users/zack/.rvm/gems/ruby-2.0.0-p648@railstutorial_rails_4_0/gems/railties-4.0.8/lib/rails/templates/rails/welcome/index.html.erb (0.1ms)
Completed 200 OK in 3ms (Views: 2.2ms | ActiveRecord: 0.0ms)


Started GET "/users" for 127.0.0.1 at 2017-01-22 15:13:22 -0800
Processing by UsersController#index as HTML
  [1m[35mUser Load (0.7ms)[0m  SELECT "users".* FROM "users"
  Rendered users/index.html.erb within layouts/application (2.6ms)
Completed 200 OK in 818ms (Views: 813.8ms | ActiveRecord: 0.7ms)


Started GET "/assets/application.css?body=1" for 127.0.0.1 at 2017-01-22 15:13:23 -0800


Started GET "/assets/scaffolds.css?body=1" for 127.0.0.1 at 2017-01-22 15:13:23 -0800


Started GET "/assets/users.css?body=1" for 127.0.0.1 at 2017-01-22 15:13:23 -0800


Started GET "/assets/jquery.js?body=1" for 127.0.0.1 at 2017-01-22 15:13:23 -0800


Started GET "/assets/users.js?body=1" for 127.0.0.1 at 2017-01-22 15:13:23 -0800


Started GET "/assets/application.js?body=1" for 127.0.0.1 at 2017-01-22 15:13:23 -0800


Started GET "/assets/turbolinks.js?body=1" for 127.0.0.1 at 2017-01-22 15:13:23 -0800


Started GET "/assets/jquery_ujs.js?body=1" for 127.0.0.1 at 2017-01-22 15:13:23 -0800


Started GET "/users/1" for 127.0.0.1 at 2017-01-22 15:13:27 -0800
Processing by UsersController#show as HTML
  Parameters: {"id"=>"1"}
  [1m[36mUser Load (0.4ms)[0m  [1mSELECT "users".* FROM "users" WHERE "users"."id" = ? LIMIT 1[0m  [["id", "1"]]
Completed 404 Not Found in 4ms

ActiveRecord::RecordNotFound (Couldn't find User with id=1):
  app/controllers/users_controller.rb:67:in `set_user'


  Rendered /Users/zack/.rvm/gems/ruby-2.0.0-p648@railstutorial_rails_4_0/gems/actionpack-4.0.8/lib/action_dispatch/middleware/templates/rescues/_source.erb (0.8ms)
  Rendered /Users/zack/.rvm/gems/ruby-2.0.0-p648@railstutorial_rails_4_0/gems/actionpack-4.0.8/lib/action_dispatch/middleware/templates/rescues/_trace.erb (1.1ms)
  Rendered /Users/zack/.rvm/gems/ruby-2.0.0-p648@railstutorial_rails_4_0/gems/actionpack-4.0.8/lib/action_dispatch/middleware/templates/rescues/_request_and_response.erb (1.3ms)
  Rendered /Users/zack/.rvm/gems/ruby-2.0.0-p648@railstutorial_rails_4_0/gems/actionpack-4.0.8/lib/action_dispatch/middleware/templates/rescues/diagnostics.erb within rescues/layout (20.3ms)


Started GET "/users/new" for 127.0.0.1 at 2017-01-22 15:14:49 -0800
Processing by UsersController#new as HTML
  Rendered users/_form.html.erb (18.7ms)
  Rendered users/new.html.erb within layouts/application (20.7ms)
Completed 200 OK in 27ms (Views: 26.5ms | ActiveRecord: 0.0ms)


Started GET "/users/new" for 127.0.0.1 at 2017-01-22 15:14:49 -0800
Processing by UsersController#new as HTML
  Rendered users/_form.html.erb (2.8ms)
  Rendered users/new.html.erb within layouts/application (4.0ms)
Completed 200 OK in 9ms (Views: 8.5ms | ActiveRecord: 0.0ms)


Started GET "/assets/application.css?body=1" for 127.0.0.1 at 2017-01-22 15:14:49 -0800


Started GET "/assets/scaffolds.css?body=1" for 127.0.0.1 at 2017-01-22 15:14:49 -0800


Started GET "/assets/users.css?body=1" for 127.0.0.1 at 2017-01-22 15:14:49 -0800


Started GET "/assets/application.js?body=1" for 127.0.0.1 at 2017-01-22 15:14:49 -0800


Started GET "/assets/jquery_ujs.js?body=1" for 127.0.0.1 at 2017-01-22 15:14:49 -0800


Started GET "/assets/turbolinks.js?body=1" for 127.0.0.1 at 2017-01-22 15:14:49 -0800


Started GET "/assets/jquery.js?body=1" for 127.0.0.1 at 2017-01-22 15:14:49 -0800


Started GET "/assets/users.js?body=1" for 127.0.0.1 at 2017-01-22 15:14:49 -0800


Started POST "/users" for 127.0.0.1 at 2017-01-22 15:15:05 -0800
Processing by UsersController#create as HTML
  Parameters: {"utf8"=>"✓", "authenticity_token"=>"2G8AmgH77BQ1TcDGRt1oE5ZMotsrFGM5/HEPOAGAswc=", "user"=>{"name"=>"Marty McFly", "email"=>"time@backintime.com"}, "commit"=>"Create User"}
  [1m[35m (0.1ms)[0m  begin transaction
  [1m[36mSQL (7.7ms)[0m  [1mINSERT INTO "users" ("created_at", "email", "name", "updated_at") VALUES (?, ?, ?, ?)[0m  [["created_at", Sun, 22 Jan 2017 23:15:05 UTC +00:00], ["email", "time@backintime.com"], ["name", "Marty McFly"], ["updated_at", Sun, 22 Jan 2017 23:15:05 UTC +00:00]]
  [1m[35m (3.3ms)[0m  commit transaction
Redirected to http://0.0.0.0:3000/users/1
Completed 302 Found in 17ms (ActiveRecord: 11.2ms)


Started GET "/users/1" for 127.0.0.1 at 2017-01-22 15:15:05 -0800
Processing by UsersController#show as HTML
  Parameters: {"id"=>"1"}
  [1m[36mUser Load (0.2ms)[0m  [1mSELECT "users".* FROM "users" WHERE "users"."id" = ? LIMIT 1[0m  [["id", "1"]]
  Rendered users/show.html.erb within layouts/application (2.2ms)
Completed 200 OK in 12ms (Views: 8.9ms | ActiveRecord: 0.2ms)


Started GET "/assets/application.css?body=1" for 127.0.0.1 at 2017-01-22 15:15:05 -0800


Started GET "/assets/scaffolds.css?body=1" for 127.0.0.1 at 2017-01-22 15:15:05 -0800


Started GET "/assets/users.js?body=1" for 127.0.0.1 at 2017-01-22 15:15:05 -0800


Started GET "/assets/jquery.js?body=1" for 127.0.0.1 at 2017-01-22 15:15:05 -0800


Started GET "/assets/users.css?body=1" for 127.0.0.1 at 2017-01-22 15:15:05 -0800


Started GET "/assets/jquery_ujs.js?body=1" for 127.0.0.1 at 2017-01-22 15:15:05 -0800


Started GET "/assets/turbolinks.js?body=1" for 127.0.0.1 at 2017-01-22 15:15:05 -0800


Started GET "/assets/application.js?body=1" for 127.0.0.1 at 2017-01-22 15:15:05 -0800


Started GET "/users" for 127.0.0.1 at 2017-01-22 15:15:08 -0800
Processing by UsersController#index as HTML
  [1m[35mUser Load (0.2ms)[0m  SELECT "users".* FROM "users"
  Rendered users/index.html.erb within layouts/application (2.2ms)
Completed 200 OK in 10ms (Views: 7.3ms | ActiveRecord: 0.2ms)


Started GET "/users" for 127.0.0.1 at 2017-01-22 15:15:08 -0800
Processing by UsersController#index as HTML
  [1m[36mUser Load (0.3ms)[0m  [1mSELECT "users".* FROM "users"[0m
  Rendered users/index.html.erb within layouts/application (2.4ms)
Completed 200 OK in 50ms (Views: 49.3ms | ActiveRecord: 0.3ms)


Started GET "/assets/users.css?body=1" for 127.0.0.1 at 2017-01-22 15:15:08 -0800


Started GET "/assets/application.css?body=1" for 127.0.0.1 at 2017-01-22 15:15:08 -0800


Started GET "/assets/jquery_ujs.js?body=1" for 127.0.0.1 at 2017-01-22 15:15:08 -0800


Started GET "/assets/turbolinks.js?body=1" for 127.0.0.1 at 2017-01-22 15:15:08 -0800


Started GET "/assets/application.js?body=1" for 127.0.0.1 at 2017-01-22 15:15:08 -0800


Started GET "/assets/users.js?body=1" for 127.0.0.1 at 2017-01-22 15:15:08 -0800


Started GET "/assets/scaffolds.css?body=1" for 127.0.0.1 at 2017-01-22 15:15:08 -0800


Started GET "/assets/jquery.js?body=1" for 127.0.0.1 at 2017-01-22 15:15:08 -0800


Started GET "/assets/application.css?body=1" for 127.0.0.1 at 2017-01-22 15:15:09 -0800


Started GET "/assets/scaffolds.css?body=1" for 127.0.0.1 at 2017-01-22 15:15:09 -0800


Started GET "/assets/turbolinks.js?body=1" for 127.0.0.1 at 2017-01-22 15:15:09 -0800


Started GET "/assets/jquery_ujs.js?body=1" for 127.0.0.1 at 2017-01-22 15:15:09 -0800


Started GET "/assets/users.css?body=1" for 127.0.0.1 at 2017-01-22 15:15:09 -0800


Started GET "/assets/users.js?body=1" for 127.0.0.1 at 2017-01-22 15:15:09 -0800


Started GET "/assets/jquery.js?body=1" for 127.0.0.1 at 2017-01-22 15:15:09 -0800


Started GET "/assets/application.js?body=1" for 127.0.0.1 at 2017-01-22 15:15:09 -0800


Started GET "/users/1/edit" for 127.0.0.1 at 2017-01-22 15:15:11 -0800
Processing by UsersController#edit as HTML
  Parameters: {"id"=>"1"}
  [1m[35mUser Load (0.3ms)[0m  SELECT "users".* FROM "users" WHERE "users"."id" = ? LIMIT 1  [["id", "1"]]
  Rendered users/_form.html.erb (2.4ms)
  Rendered users/edit.html.erb within layouts/application (4.5ms)
Completed 200 OK in 14ms (Views: 10.2ms | ActiveRecord: 0.3ms)


Started GET "/users/1/edit" for 127.0.0.1 at 2017-01-22 15:15:11 -0800
Processing by UsersController#edit as HTML
  Parameters: {"id"=>"1"}
  [1m[36mUser Load (0.2ms)[0m  [1mSELECT "users".* FROM "users" WHERE "users"."id" = ? LIMIT 1[0m  [["id", "1"]]
  Rendered users/_form.html.erb (2.7ms)
  Rendered users/edit.html.erb within layouts/application (4.2ms)
Completed 200 OK in 10ms (Views: 8.4ms | ActiveRecord: 0.2ms)


Started GET "/assets/application.css?body=1" for 127.0.0.1 at 2017-01-22 15:15:11 -0800


Started GET "/assets/scaffolds.css?body=1" for 127.0.0.1 at 2017-01-22 15:15:11 -0800


Started GET "/assets/users.js?body=1" for 127.0.0.1 at 2017-01-22 15:15:11 -0800


Started GET "/assets/jquery.js?body=1" for 127.0.0.1 at 2017-01-22 15:15:11 -0800


Started GET "/assets/users.css?body=1" for 127.0.0.1 at 2017-01-22 15:15:11 -0800


Started GET "/assets/turbolinks.js?body=1" for 127.0.0.1 at 2017-01-22 15:15:11 -0800


Started GET "/assets/application.js?body=1" for 127.0.0.1 at 2017-01-22 15:15:11 -0800


Started GET "/assets/jquery_ujs.js?body=1" for 127.0.0.1 at 2017-01-22 15:15:11 -0800


Started GET "/users" for 127.0.0.1 at 2017-01-22 15:15:13 -0800
Processing by UsersController#index as HTML
  [1m[35mUser Load (0.2ms)[0m  SELECT "users".* FROM "users"
  Rendered users/index.html.erb within layouts/application (1.7ms)
Completed 200 OK in 7ms (Views: 5.9ms | ActiveRecord: 0.2ms)


Started GET "/users" for 127.0.0.1 at 2017-01-22 15:15:13 -0800
Processing by UsersController#index as HTML
  [1m[36mUser Load (0.3ms)[0m  [1mSELECT "users".* FROM "users"[0m
  Rendered users/index.html.erb within layouts/application (2.6ms)
Completed 200 OK in 9ms (Views: 7.8ms | ActiveRecord: 0.3ms)


Started GET "/assets/application.css?body=1" for 127.0.0.1 at 2017-01-22 15:15:13 -0800


Started GET "/assets/scaffolds.css?body=1" for 127.0.0.1 at 2017-01-22 15:15:13 -0800


Started GET "/assets/users.css?body=1" for 127.0.0.1 at 2017-01-22 15:15:13 -0800


Started GET "/assets/application.js?body=1" for 127.0.0.1 at 2017-01-22 15:15:13 -0800


Started GET "/assets/users.js?body=1" for 127.0.0.1 at 2017-01-22 15:15:13 -0800


Started GET "/assets/turbolinks.js?body=1" for 127.0.0.1 at 2017-01-22 15:15:13 -0800


Started GET "/assets/jquery.js?body=1" for 127.0.0.1 at 2017-01-22 15:15:13 -0800


Started GET "/assets/jquery_ujs.js?body=1" for 127.0.0.1 at 2017-01-22 15:15:13 -0800


Started GET "/users/new" for 127.0.0.1 at 2017-01-22 15:25:17 -0800
Processing by UsersController#new as HTML
  Rendered users/_form.html.erb (11.6ms)
  Rendered users/new.html.erb within layouts/application (15.5ms)
Completed 200 OK in 32ms (Views: 26.4ms | ActiveRecord: 0.0ms)


Started GET "/users/new" for 127.0.0.1 at 2017-01-22 15:25:17 -0800
Processing by UsersController#new as HTML
  Rendered users/_form.html.erb (3.2ms)
  Rendered users/new.html.erb within layouts/application (4.5ms)
Completed 200 OK in 10ms (Views: 9.5ms | ActiveRecord: 0.0ms)


Started GET "/users" for 127.0.0.1 at 2017-01-22 15:25:17 -0800
Processing by UsersController#index as HTML
  [1m[35mUser Load (1.9ms)[0m  SELECT "users".* FROM "users"
  Rendered users/index.html.erb within layouts/application (8.6ms)
Completed 200 OK in 22ms (Views: 15.1ms | ActiveRecord: 1.9ms)


Started GET "/assets/application.css?body=1" for 127.0.0.1 at 2017-01-22 15:25:17 -0800


Started GET "/assets/scaffolds.css?body=1" for 127.0.0.1 at 2017-01-22 15:25:17 -0800


Started GET "/assets/application.css?body=1" for 127.0.0.1 at 2017-01-22 15:25:17 -0800


Started GET "/assets/users.css?body=1" for 127.0.0.1 at 2017-01-22 15:25:17 -0800


Started GET "/assets/users.js?body=1" for 127.0.0.1 at 2017-01-22 15:25:17 -0800


Started GET "/assets/scaffolds.css?body=1" for 127.0.0.1 at 2017-01-22 15:25:17 -0800


Started GET "/assets/users.css?body=1" for 127.0.0.1 at 2017-01-22 15:25:17 -0800


Started GET "/assets/jquery_ujs.js?body=1" for 127.0.0.1 at 2017-01-22 15:25:17 -0800


Started GET "/assets/jquery.js?body=1" for 127.0.0.1 at 2017-01-22 15:25:17 -0800


Started GET "/assets/users.js?body=1" for 127.0.0.1 at 2017-01-22 15:25:17 -0800


Started GET "/assets/jquery_ujs.js?body=1" for 127.0.0.1 at 2017-01-22 15:25:17 -0800


Started GET "/assets/turbolinks.js?body=1" for 127.0.0.1 at 2017-01-22 15:25:17 -0800


Started GET "/assets/jquery.js?body=1" for 127.0.0.1 at 2017-01-22 15:25:17 -0800


Started GET "/assets/turbolinks.js?body=1" for 127.0.0.1 at 2017-01-22 15:25:17 -0800


Started GET "/assets/application.js?body=1" for 127.0.0.1 at 2017-01-22 15:25:17 -0800


Started GET "/assets/application.js?body=1" for 127.0.0.1 at 2017-01-22 15:25:17 -0800


Started POST "/users" for 127.0.0.1 at 2017-01-22 15:26:14 -0800
Processing by UsersController#create as HTML
  Parameters: {"utf8"=>"✓", "authenticity_token"=>"2G8AmgH77BQ1TcDGRt1oE5ZMotsrFGM5/HEPOAGAswc=", "user"=>{"name"=>"Doc", "email"=>"doc@backintime.com"}, "commit"=>"Create User"}
  [1m[36m (0.1ms)[0m  [1mbegin transaction[0m
  [1m[35mSQL (1.9ms)[0m  INSERT INTO "users" ("created_at", "email", "name", "updated_at") VALUES (?, ?, ?, ?)  [["created_at", Sun, 22 Jan 2017 23:26:14 UTC +00:00], ["email", "doc@backintime.com"], ["name", "Doc"], ["updated_at", Sun, 22 Jan 2017 23:26:14 UTC +00:00]]
  [1m[36m (0.7ms)[0m  [1mcommit transaction[0m
Redirected to http://0.0.0.0:3000/users/2
Completed 302 Found in 6ms (ActiveRecord: 2.8ms)


Started GET "/users/2" for 127.0.0.1 at 2017-01-22 15:26:14 -0800
Processing by UsersController#show as HTML
  Parameters: {"id"=>"2"}
  [1m[35mUser Load (0.2ms)[0m  SELECT "users".* FROM "users" WHERE "users"."id" = ? LIMIT 1  [["id", "2"]]
  Rendered users/show.html.erb within layouts/application (0.6ms)
Completed 200 OK in 7ms (Views: 5.3ms | ActiveRecord: 0.2ms)


Started GET "/assets/application.css?body=1" for 127.0.0.1 at 2017-01-22 15:26:14 -0800


Started GET "/assets/scaffolds.css?body=1" for 127.0.0.1 at 2017-01-22 15:26:14 -0800


Started GET "/assets/users.css?body=1" for 127.0.0.1 at 2017-01-22 15:26:14 -0800


Started GET "/assets/jquery.js?body=1" for 127.0.0.1 at 2017-01-22 15:26:14 -0800


Started GET "/assets/jquery_ujs.js?body=1" for 127.0.0.1 at 2017-01-22 15:26:14 -0800


Started GET "/assets/turbolinks.js?body=1" for 127.0.0.1 at 2017-01-22 15:26:14 -0800


Started GET "/assets/users.js?body=1" for 127.0.0.1 at 2017-01-22 15:26:14 -0800


Started GET "/assets/application.js?body=1" for 127.0.0.1 at 2017-01-22 15:26:14 -0800


Started GET "/users" for 127.0.0.1 at 2017-01-22 15:26:16 -0800
Processing by UsersController#index as HTML
  [1m[36mUser Load (0.2ms)[0m  [1mSELECT "users".* FROM "users"[0m
  Rendered users/index.html.erb within layouts/application (1.5ms)
Completed 200 OK in 7ms (Views: 5.7ms | ActiveRecord: 0.2ms)


Started GET "/users" for 127.0.0.1 at 2017-01-22 15:26:16 -0800
Processing by UsersController#index as HTML
  [1m[35mUser Load (0.2ms)[0m  SELECT "users".* FROM "users"
  Rendered users/index.html.erb within layouts/application (1.8ms)
Completed 200 OK in 8ms (Views: 7.2ms | ActiveRecord: 0.2ms)


Started GET "/assets/application.css?body=1" for 127.0.0.1 at 2017-01-22 15:26:16 -0800


Started GET "/assets/scaffolds.css?body=1" for 127.0.0.1 at 2017-01-22 15:26:16 -0800


Started GET "/assets/jquery_ujs.js?body=1" for 127.0.0.1 at 2017-01-22 15:26:16 -0800


Started GET "/assets/turbolinks.js?body=1" for 127.0.0.1 at 2017-01-22 15:26:16 -0800


Started GET "/assets/users.js?body=1" for 127.0.0.1 at 2017-01-22 15:26:16 -0800


Started GET "/assets/users.css?body=1" for 127.0.0.1 at 2017-01-22 15:26:16 -0800


Started GET "/assets/jquery.js?body=1" for 127.0.0.1 at 2017-01-22 15:26:16 -0800


Started GET "/assets/application.js?body=1" for 127.0.0.1 at 2017-01-22 15:26:16 -0800


Started DELETE "/users/2" for 127.0.0.1 at 2017-01-22 15:28:04 -0800
Processing by UsersController#destroy as HTML
  Parameters: {"authenticity_token"=>"2G8AmgH77BQ1TcDGRt1oE5ZMotsrFGM5/HEPOAGAswc=", "id"=>"2"}
  [1m[36mUser Load (0.2ms)[0m  [1mSELECT "users".* FROM "users" WHERE "users"."id" = ? LIMIT 1[0m  [["id", "2"]]
  [1m[35m (0.1ms)[0m  begin transaction
  [1m[36mSQL (2.7ms)[0m  [1mDELETE FROM "users" WHERE "users"."id" = ?[0m  [["id", 2]]
  [1m[35m (0.8ms)[0m  commit transaction
Redirected to http://0.0.0.0:3000/users
Completed 302 Found in 8ms (ActiveRecord: 3.9ms)


Started GET "/users" for 127.0.0.1 at 2017-01-22 15:28:04 -0800
Processing by UsersController#index as HTML
  [1m[36mUser Load (0.2ms)[0m  [1mSELECT "users".* FROM "users"[0m
  Rendered users/index.html.erb within layouts/application (1.5ms)
Completed 200 OK in 7ms (Views: 6.5ms | ActiveRecord: 0.2ms)


Started GET "/assets/application.css?body=1" for 127.0.0.1 at 2017-01-22 15:28:04 -0800


Started GET "/assets/scaffolds.css?body=1" for 127.0.0.1 at 2017-01-22 15:28:04 -0800


Started GET "/assets/users.css?body=1" for 127.0.0.1 at 2017-01-22 15:28:04 -0800


Started GET "/assets/jquery_ujs.js?body=1" for 127.0.0.1 at 2017-01-22 15:28:04 -0800


Started GET "/assets/turbolinks.js?body=1" for 127.0.0.1 at 2017-01-22 15:28:04 -0800


Started GET "/assets/jquery.js?body=1" for 127.0.0.1 at 2017-01-22 15:28:04 -0800


Started GET "/assets/users.js?body=1" for 127.0.0.1 at 2017-01-22 15:28:04 -0800


Started GET "/assets/application.js?body=1" for 127.0.0.1 at 2017-01-22 15:28:04 -0800


Started GET "/" for 127.0.0.1 at 2017-01-29 08:32:57 -0800
  [1m[36mActiveRecord::SchemaMigration Load (0.5ms)[0m  [1mSELECT "schema_migrations".* FROM "schema_migrations"[0m
Processing by Rails::WelcomeController#index as HTML
  Rendered /Users/zack/.rvm/gems/ruby-2.0.0-p648@railstutorial_rails_4_0/gems/railties-4.0.8/lib/rails/templates/rails/welcome/index.html.erb (2.0ms)
Completed 200 OK in 11ms (Views: 10.1ms | ActiveRecord: 0.0ms)


Started GET "/" for 127.0.0.1 at 2017-01-29 08:33:00 -0800
Processing by Rails::WelcomeController#index as HTML
  Rendered /Users/zack/.rvm/gems/ruby-2.0.0-p648@railstutorial_rails_4_0/gems/railties-4.0.8/lib/rails/templates/rails/welcome/index.html.erb (0.1ms)
Completed 200 OK in 2ms (Views: 1.8ms | ActiveRecord: 0.0ms)


Started GET "/users" for 127.0.0.1 at 2017-01-29 08:33:01 -0800
Processing by UsersController#index as HTML
  [1m[35mUser Load (0.6ms)[0m  SELECT "users".* FROM "users"
  Rendered users/index.html.erb within layouts/application (8.9ms)
Completed 200 OK in 116ms (Views: 112.1ms | ActiveRecord: 1.0ms)


Started GET "/assets/application.css?body=1" for 127.0.0.1 at 2017-01-29 08:33:01 -0800


Started GET "/assets/scaffolds.css?body=1" for 127.0.0.1 at 2017-01-29 08:33:01 -0800


Started GET "/assets/users.css?body=1" for 127.0.0.1 at 2017-01-29 08:33:01 -0800


Started GET "/assets/jquery.js?body=1" for 127.0.0.1 at 2017-01-29 08:33:01 -0800


Started GET "/assets/jquery_ujs.js?body=1" for 127.0.0.1 at 2017-01-29 08:33:02 -0800


Started GET "/assets/users.js?body=1" for 127.0.0.1 at 2017-01-29 08:33:02 -0800


Started GET "/assets/turbolinks.js?body=1" for 127.0.0.1 at 2017-01-29 08:33:02 -0800


Started GET "/users" for 127.0.0.1 at 2017-01-29 08:33:02 -0800
Processing by UsersController#index as HTML
  [1m[36mUser Load (0.3ms)[0m  [1mSELECT "users".* FROM "users"[0m
  Rendered users/index.html.erb within layouts/application (3.0ms)
Completed 200 OK in 15ms (Views: 13.8ms | ActiveRecord: 0.3ms)


Started GET "/assets/application.js?body=1" for 127.0.0.1 at 2017-01-29 08:33:02 -0800


Started GET "/assets/scaffolds.css?body=1" for 127.0.0.1 at 2017-01-29 08:33:02 -0800


Started GET "/assets/application.css?body=1" for 127.0.0.1 at 2017-01-29 08:33:02 -0800


Started GET "/assets/application.js?body=1" for 127.0.0.1 at 2017-01-29 08:33:02 -0800


Started GET "/assets/turbolinks.js?body=1" for 127.0.0.1 at 2017-01-29 08:33:02 -0800


Started GET "/microposts/new" for 127.0.0.1 at 2017-01-29 08:38:22 -0800

ActionController::RoutingError (No route matches [GET] "/microposts/new"):
  actionpack (4.0.8) lib/action_dispatch/middleware/debug_exceptions.rb:21:in `call'
  actionpack (4.0.8) lib/action_dispatch/middleware/show_exceptions.rb:30:in `call'
  railties (4.0.8) lib/rails/rack/logger.rb:38:in `call_app'
  railties (4.0.8) lib/rails/rack/logger.rb:20:in `block in call'
  activesupport (4.0.8) lib/active_support/tagged_logging.rb:68:in `block in tagged'
  activesupport (4.0.8) lib/active_support/tagged_logging.rb:26:in `tagged'
  activesupport (4.0.8) lib/active_support/tagged_logging.rb:68:in `tagged'
  railties (4.0.8) lib/rails/rack/logger.rb:20:in `call'
  actionpack (4.0.8) lib/action_dispatch/middleware/request_id.rb:21:in `call'
  rack (1.5.5) lib/rack/methodoverride.rb:21:in `call'
  rack (1.5.5) lib/rack/runtime.rb:17:in `call'
  activesupport (4.0.8) lib/active_support/cache/strategy/local_cache.rb:83:in `call'
  rack (1.5.5) lib/rack/lock.rb:17:in `call'
  actionpack (4.0.8) lib/action_dispatch/middleware/static.rb:64:in `call'
  rack (1.5.5) lib/rack/sendfile.rb:112:in `call'
  railties (4.0.8) lib/rails/engine.rb:511:in `call'
  railties (4.0.8) lib/rails/application.rb:97:in `call'
  rack (1.5.5) lib/rack/lock.rb:17:in `call'
  rack (1.5.5) lib/rack/content_length.rb:14:in `call'
  rack (1.5.5) lib/rack/handler/webrick.rb:60:in `service'
  /Users/zack/.rvm/rubies/ruby-2.0.0-p648/lib/ruby/2.0.0/webrick/httpserver.rb:138:in `service'
  /Users/zack/.rvm/rubies/ruby-2.0.0-p648/lib/ruby/2.0.0/webrick/httpserver.rb:94:in `run'
  /Users/zack/.rvm/rubies/ruby-2.0.0-p648/lib/ruby/2.0.0/webrick/server.rb:295:in `block in start_thread'


  Rendered /Users/zack/.rvm/gems/ruby-2.0.0-p648@railstutorial_rails_4_0/gems/actionpack-4.0.8/lib/action_dispatch/middleware/templates/rescues/_trace.erb (3.7ms)
  Rendered /Users/zack/.rvm/gems/ruby-2.0.0-p648@railstutorial_rails_4_0/gems/actionpack-4.0.8/lib/action_dispatch/middleware/templates/routes/_route.html.erb (2.1ms)
  Rendered /Users/zack/.rvm/gems/ruby-2.0.0-p648@railstutorial_rails_4_0/gems/actionpack-4.0.8/lib/action_dispatch/middleware/templates/routes/_table.html.erb (14.1ms)
  Rendered /Users/zack/.rvm/gems/ruby-2.0.0-p648@railstutorial_rails_4_0/gems/actionpack-4.0.8/lib/action_dispatch/middleware/templates/rescues/routing_error.erb within rescues/layout (59.3ms)


Started GET "/microposts/new" for 127.0.0.1 at 2017-01-29 08:38:55 -0800

ActionController::RoutingError (No route matches [GET] "/microposts/new"):
  actionpack (4.0.8) lib/action_dispatch/middleware/debug_exceptions.rb:21:in `call'
  actionpack (4.0.8) lib/action_dispatch/middleware/show_exceptions.rb:30:in `call'
  railties (4.0.8) lib/rails/rack/logger.rb:38:in `call_app'
  railties (4.0.8) lib/rails/rack/logger.rb:20:in `block in call'
  activesupport (4.0.8) lib/active_support/tagged_logging.rb:68:in `block in tagged'
  activesupport (4.0.8) lib/active_support/tagged_logging.rb:26:in `tagged'
  activesupport (4.0.8) lib/active_support/tagged_logging.rb:68:in `tagged'
  railties (4.0.8) lib/rails/rack/logger.rb:20:in `call'
  actionpack (4.0.8) lib/action_dispatch/middleware/request_id.rb:21:in `call'
  rack (1.5.5) lib/rack/methodoverride.rb:21:in `call'
  rack (1.5.5) lib/rack/runtime.rb:17:in `call'
  activesupport (4.0.8) lib/active_support/cache/strategy/local_cache.rb:83:in `call'
  rack (1.5.5) lib/rack/lock.rb:17:in `call'
  actionpack (4.0.8) lib/action_dispatch/middleware/static.rb:64:in `call'
  rack (1.5.5) lib/rack/sendfile.rb:112:in `call'
  railties (4.0.8) lib/rails/engine.rb:511:in `call'
  railties (4.0.8) lib/rails/application.rb:97:in `call'
  rack (1.5.5) lib/rack/lock.rb:17:in `call'
  rack (1.5.5) lib/rack/content_length.rb:14:in `call'
  rack (1.5.5) lib/rack/handler/webrick.rb:60:in `service'
  /Users/zack/.rvm/rubies/ruby-2.0.0-p648/lib/ruby/2.0.0/webrick/httpserver.rb:138:in `service'
  /Users/zack/.rvm/rubies/ruby-2.0.0-p648/lib/ruby/2.0.0/webrick/httpserver.rb:94:in `run'
  /Users/zack/.rvm/rubies/ruby-2.0.0-p648/lib/ruby/2.0.0/webrick/server.rb:295:in `block in start_thread'


  Rendered /Users/zack/.rvm/gems/ruby-2.0.0-p648@railstutorial_rails_4_0/gems/actionpack-4.0.8/lib/action_dispatch/middleware/templates/rescues/_trace.erb (3.5ms)
  Rendered /Users/zack/.rvm/gems/ruby-2.0.0-p648@railstutorial_rails_4_0/gems/actionpack-4.0.8/lib/action_dispatch/middleware/templates/routes/_route.html.erb (4.5ms)
  Rendered /Users/zack/.rvm/gems/ruby-2.0.0-p648@railstutorial_rails_4_0/gems/actionpack-4.0.8/lib/action_dispatch/middleware/templates/routes/_table.html.erb (5.7ms)
  Rendered /Users/zack/.rvm/gems/ruby-2.0.0-p648@railstutorial_rails_4_0/gems/actionpack-4.0.8/lib/action_dispatch/middleware/templates/rescues/routing_error.erb within rescues/layout (54.4ms)


Started GET "/microposts/new" for 127.0.0.1 at 2017-01-29 08:39:07 -0800

ActionController::RoutingError (No route matches [GET] "/microposts/new"):
  actionpack (4.0.8) lib/action_dispatch/middleware/debug_exceptions.rb:21:in `call'
  actionpack (4.0.8) lib/action_dispatch/middleware/show_exceptions.rb:30:in `call'
  railties (4.0.8) lib/rails/rack/logger.rb:38:in `call_app'
  railties (4.0.8) lib/rails/rack/logger.rb:20:in `block in call'
  activesupport (4.0.8) lib/active_support/tagged_logging.rb:68:in `block in tagged'
  activesupport (4.0.8) lib/active_support/tagged_logging.rb:26:in `tagged'
  activesupport (4.0.8) lib/active_support/tagged_logging.rb:68:in `tagged'
  railties (4.0.8) lib/rails/rack/logger.rb:20:in `call'
  actionpack (4.0.8) lib/action_dispatch/middleware/request_id.rb:21:in `call'
  rack (1.5.5) lib/rack/methodoverride.rb:21:in `call'
  rack (1.5.5) lib/rack/runtime.rb:17:in `call'
  activesupport (4.0.8) lib/active_support/cache/strategy/local_cache.rb:83:in `call'
  rack (1.5.5) lib/rack/lock.rb:17:in `call'
  actionpack (4.0.8) lib/action_dispatch/middleware/static.rb:64:in `call'
  rack (1.5.5) lib/rack/sendfile.rb:112:in `call'
  railties (4.0.8) lib/rails/engine.rb:511:in `call'
  railties (4.0.8) lib/rails/application.rb:97:in `call'
  rack (1.5.5) lib/rack/lock.rb:17:in `call'
  rack (1.5.5) lib/rack/content_length.rb:14:in `call'
  rack (1.5.5) lib/rack/handler/webrick.rb:60:in `service'
  /Users/zack/.rvm/rubies/ruby-2.0.0-p648/lib/ruby/2.0.0/webrick/httpserver.rb:138:in `service'
  /Users/zack/.rvm/rubies/ruby-2.0.0-p648/lib/ruby/2.0.0/webrick/httpserver.rb:94:in `run'
  /Users/zack/.rvm/rubies/ruby-2.0.0-p648/lib/ruby/2.0.0/webrick/server.rb:295:in `block in start_thread'


  Rendered /Users/zack/.rvm/gems/ruby-2.0.0-p648@railstutorial_rails_4_0/gems/actionpack-4.0.8/lib/action_dispatch/middleware/templates/rescues/_trace.erb (3.1ms)
  Rendered /Users/zack/.rvm/gems/ruby-2.0.0-p648@railstutorial_rails_4_0/gems/actionpack-4.0.8/lib/action_dispatch/middleware/templates/routes/_route.html.erb (3.8ms)
  Rendered /Users/zack/.rvm/gems/ruby-2.0.0-p648@railstutorial_rails_4_0/gems/actionpack-4.0.8/lib/action_dispatch/middleware/templates/routes/_table.html.erb (3.0ms)
  Rendered /Users/zack/.rvm/gems/ruby-2.0.0-p648@railstutorial_rails_4_0/gems/actionpack-4.0.8/lib/action_dispatch/middleware/templates/rescues/routing_error.erb within rescues/layout (269.9ms)


Started GET "/microposts/" for 127.0.0.1 at 2017-01-29 08:39:08 -0800

ActionController::RoutingError (No route matches [GET] "/microposts"):
  actionpack (4.0.8) lib/action_dispatch/middleware/debug_exceptions.rb:21:in `call'
  actionpack (4.0.8) lib/action_dispatch/middleware/show_exceptions.rb:30:in `call'
  railties (4.0.8) lib/rails/rack/logger.rb:38:in `call_app'
  railties (4.0.8) lib/rails/rack/logger.rb:20:in `block in call'
  activesupport (4.0.8) lib/active_support/tagged_logging.rb:68:in `block in tagged'
  activesupport (4.0.8) lib/active_support/tagged_logging.rb:26:in `tagged'
  activesupport (4.0.8) lib/active_support/tagged_logging.rb:68:in `tagged'
  railties (4.0.8) lib/rails/rack/logger.rb:20:in `call'
  actionpack (4.0.8) lib/action_dispatch/middleware/request_id.rb:21:in `call'
  rack (1.5.5) lib/rack/methodoverride.rb:21:in `call'
  rack (1.5.5) lib/rack/runtime.rb:17:in `call'
  activesupport (4.0.8) lib/active_support/cache/strategy/local_cache.rb:83:in `call'
  rack (1.5.5) lib/rack/lock.rb:17:in `call'
  actionpack (4.0.8) lib/action_dispatch/middleware/static.rb:64:in `call'
  rack (1.5.5) lib/rack/sendfile.rb:112:in `call'
  railties (4.0.8) lib/rails/engine.rb:511:in `call'
  railties (4.0.8) lib/rails/application.rb:97:in `call'
  rack (1.5.5) lib/rack/lock.rb:17:in `call'
  rack (1.5.5) lib/rack/content_length.rb:14:in `call'
  rack (1.5.5) lib/rack/handler/webrick.rb:60:in `service'
  /Users/zack/.rvm/rubies/ruby-2.0.0-p648/lib/ruby/2.0.0/webrick/httpserver.rb:138:in `service'
  /Users/zack/.rvm/rubies/ruby-2.0.0-p648/lib/ruby/2.0.0/webrick/httpserver.rb:94:in `run'
  /Users/zack/.rvm/rubies/ruby-2.0.0-p648/lib/ruby/2.0.0/webrick/server.rb:295:in `block in start_thread'


  Rendered /Users/zack/.rvm/gems/ruby-2.0.0-p648@railstutorial_rails_4_0/gems/actionpack-4.0.8/lib/action_dispatch/middleware/templates/rescues/_trace.erb (1.8ms)
  Rendered /Users/zack/.rvm/gems/ruby-2.0.0-p648@railstutorial_rails_4_0/gems/actionpack-4.0.8/lib/action_dispatch/middleware/templates/routes/_route.html.erb (4.3ms)
  Rendered /Users/zack/.rvm/gems/ruby-2.0.0-p648@railstutorial_rails_4_0/gems/actionpack-4.0.8/lib/action_dispatch/middleware/templates/routes/_table.html.erb (2.4ms)
  Rendered /Users/zack/.rvm/gems/ruby-2.0.0-p648@railstutorial_rails_4_0/gems/actionpack-4.0.8/lib/action_dispatch/middleware/templates/rescues/routing_error.erb within rescues/layout (48.1ms)


Started GET "/microposts/" for 127.0.0.1 at 2017-01-29 08:39:13 -0800

ActionController::RoutingError (No route matches [GET] "/microposts"):
  actionpack (4.0.8) lib/action_dispatch/middleware/debug_exceptions.rb:21:in `call'
  actionpack (4.0.8) lib/action_dispatch/middleware/show_exceptions.rb:30:in `call'
  railties (4.0.8) lib/rails/rack/logger.rb:38:in `call_app'
  railties (4.0.8) lib/rails/rack/logger.rb:20:in `block in call'
  activesupport (4.0.8) lib/active_support/tagged_logging.rb:68:in `block in tagged'
  activesupport (4.0.8) lib/active_support/tagged_logging.rb:26:in `tagged'
  activesupport (4.0.8) lib/active_support/tagged_logging.rb:68:in `tagged'
  railties (4.0.8) lib/rails/rack/logger.rb:20:in `call'
  actionpack (4.0.8) lib/action_dispatch/middleware/request_id.rb:21:in `call'
  rack (1.5.5) lib/rack/methodoverride.rb:21:in `call'
  rack (1.5.5) lib/rack/runtime.rb:17:in `call'
  activesupport (4.0.8) lib/active_support/cache/strategy/local_cache.rb:83:in `call'
  rack (1.5.5) lib/rack/lock.rb:17:in `call'
  actionpack (4.0.8) lib/action_dispatch/middleware/static.rb:64:in `call'
  rack (1.5.5) lib/rack/sendfile.rb:112:in `call'
  railties (4.0.8) lib/rails/engine.rb:511:in `call'
  railties (4.0.8) lib/rails/application.rb:97:in `call'
  rack (1.5.5) lib/rack/lock.rb:17:in `call'
  rack (1.5.5) lib/rack/content_length.rb:14:in `call'
  rack (1.5.5) lib/rack/handler/webrick.rb:60:in `service'
  /Users/zack/.rvm/rubies/ruby-2.0.0-p648/lib/ruby/2.0.0/webrick/httpserver.rb:138:in `service'
  /Users/zack/.rvm/rubies/ruby-2.0.0-p648/lib/ruby/2.0.0/webrick/httpserver.rb:94:in `run'
  /Users/zack/.rvm/rubies/ruby-2.0.0-p648/lib/ruby/2.0.0/webrick/server.rb:295:in `block in start_thread'


  Rendered /Users/zack/.rvm/gems/ruby-2.0.0-p648@railstutorial_rails_4_0/gems/actionpack-4.0.8/lib/action_dispatch/middleware/templates/rescues/_trace.erb (2.7ms)
  Rendered /Users/zack/.rvm/gems/ruby-2.0.0-p648@railstutorial_rails_4_0/gems/actionpack-4.0.8/lib/action_dispatch/middleware/templates/routes/_route.html.erb (3.7ms)
  Rendered /Users/zack/.rvm/gems/ruby-2.0.0-p648@railstutorial_rails_4_0/gems/actionpack-4.0.8/lib/action_dispatch/middleware/templates/routes/_table.html.erb (3.5ms)
  Rendered /Users/zack/.rvm/gems/ruby-2.0.0-p648@railstutorial_rails_4_0/gems/actionpack-4.0.8/lib/action_dispatch/middleware/templates/rescues/routing_error.erb within rescues/layout (37.4ms)


Started GET "/micropost" for 127.0.0.1 at 2017-01-29 08:39:13 -0800

ActionController::RoutingError (No route matches [GET] "/micropost"):
  actionpack (4.0.8) lib/action_dispatch/middleware/debug_exceptions.rb:21:in `call'
  actionpack (4.0.8) lib/action_dispatch/middleware/show_exceptions.rb:30:in `call'
  railties (4.0.8) lib/rails/rack/logger.rb:38:in `call_app'
  railties (4.0.8) lib/rails/rack/logger.rb:20:in `block in call'
  activesupport (4.0.8) lib/active_support/tagged_logging.rb:68:in `block in tagged'
  activesupport (4.0.8) lib/active_support/tagged_logging.rb:26:in `tagged'
  activesupport (4.0.8) lib/active_support/tagged_logging.rb:68:in `tagged'
  railties (4.0.8) lib/rails/rack/logger.rb:20:in `call'
  actionpack (4.0.8) lib/action_dispatch/middleware/request_id.rb:21:in `call'
  rack (1.5.5) lib/rack/methodoverride.rb:21:in `call'
  rack (1.5.5) lib/rack/runtime.rb:17:in `call'
  activesupport (4.0.8) lib/active_support/cache/strategy/local_cache.rb:83:in `call'
  rack (1.5.5) lib/rack/lock.rb:17:in `call'
  actionpack (4.0.8) lib/action_dispatch/middleware/static.rb:64:in `call'
  rack (1.5.5) lib/rack/sendfile.rb:112:in `call'
  railties (4.0.8) lib/rails/engine.rb:511:in `call'
  railties (4.0.8) lib/rails/application.rb:97:in `call'
  rack (1.5.5) lib/rack/lock.rb:17:in `call'
  rack (1.5.5) lib/rack/content_length.rb:14:in `call'
  rack (1.5.5) lib/rack/handler/webrick.rb:60:in `service'
  /Users/zack/.rvm/rubies/ruby-2.0.0-p648/lib/ruby/2.0.0/webrick/httpserver.rb:138:in `service'
  /Users/zack/.rvm/rubies/ruby-2.0.0-p648/lib/ruby/2.0.0/webrick/httpserver.rb:94:in `run'
  /Users/zack/.rvm/rubies/ruby-2.0.0-p648/lib/ruby/2.0.0/webrick/server.rb:295:in `block in start_thread'


  Rendered /Users/zack/.rvm/gems/ruby-2.0.0-p648@railstutorial_rails_4_0/gems/actionpack-4.0.8/lib/action_dispatch/middleware/templates/rescues/_trace.erb (4.0ms)
  Rendered /Users/zack/.rvm/gems/ruby-2.0.0-p648@railstutorial_rails_4_0/gems/actionpack-4.0.8/lib/action_dispatch/middleware/templates/routes/_route.html.erb (7.3ms)
  Rendered /Users/zack/.rvm/gems/ruby-2.0.0-p648@railstutorial_rails_4_0/gems/actionpack-4.0.8/lib/action_dispatch/middleware/templates/routes/_table.html.erb (8.8ms)
  Rendered /Users/zack/.rvm/gems/ruby-2.0.0-p648@railstutorial_rails_4_0/gems/actionpack-4.0.8/lib/action_dispatch/middleware/templates/rescues/routing_error.erb within rescues/layout (61.8ms)
  [1m[36mActiveRecord::SchemaMigration Load (0.6ms)[0m  [1mSELECT "schema_migrations".* FROM "schema_migrations"[0m
  [1m[35mActiveRecord::SchemaMigration Load (0.2ms)[0m  SELECT "schema_migrations".* FROM "schema_migrations"


Started GET "/microposts/new" for 127.0.0.1 at 2017-01-29 08:48:13 -0800

ActionController::RoutingError (No route matches [GET] "/microposts/new"):
  actionpack (4.0.8) lib/action_dispatch/middleware/debug_exceptions.rb:21:in `call'
  actionpack (4.0.8) lib/action_dispatch/middleware/show_exceptions.rb:30:in `call'
  railties (4.0.8) lib/rails/rack/logger.rb:38:in `call_app'
  railties (4.0.8) lib/rails/rack/logger.rb:20:in `block in call'
  activesupport (4.0.8) lib/active_support/tagged_logging.rb:68:in `block in tagged'
  activesupport (4.0.8) lib/active_support/tagged_logging.rb:26:in `tagged'
  activesupport (4.0.8) lib/active_support/tagged_logging.rb:68:in `tagged'
  railties (4.0.8) lib/rails/rack/logger.rb:20:in `call'
  actionpack (4.0.8) lib/action_dispatch/middleware/request_id.rb:21:in `call'
  rack (1.5.5) lib/rack/methodoverride.rb:21:in `call'
  rack (1.5.5) lib/rack/runtime.rb:17:in `call'
  activesupport (4.0.8) lib/active_support/cache/strategy/local_cache.rb:83:in `call'
  rack (1.5.5) lib/rack/lock.rb:17:in `call'
  actionpack (4.0.8) lib/action_dispatch/middleware/static.rb:64:in `call'
  rack (1.5.5) lib/rack/sendfile.rb:112:in `call'
  railties (4.0.8) lib/rails/engine.rb:511:in `call'
  railties (4.0.8) lib/rails/application.rb:97:in `call'
  rack (1.5.5) lib/rack/lock.rb:17:in `call'
  rack (1.5.5) lib/rack/content_length.rb:14:in `call'
  rack (1.5.5) lib/rack/handler/webrick.rb:60:in `service'
  /Users/zack/.rvm/rubies/ruby-2.0.0-p648/lib/ruby/2.0.0/webrick/httpserver.rb:138:in `service'
  /Users/zack/.rvm/rubies/ruby-2.0.0-p648/lib/ruby/2.0.0/webrick/httpserver.rb:94:in `run'
  /Users/zack/.rvm/rubies/ruby-2.0.0-p648/lib/ruby/2.0.0/webrick/server.rb:295:in `block in start_thread'


  Rendered /Users/zack/.rvm/gems/ruby-2.0.0-p648@railstutorial_rails_4_0/gems/actionpack-4.0.8/lib/action_dispatch/middleware/templates/rescues/_trace.erb (1.9ms)
  Rendered /Users/zack/.rvm/gems/ruby-2.0.0-p648@railstutorial_rails_4_0/gems/actionpack-4.0.8/lib/action_dispatch/middleware/templates/routes/_route.html.erb (2.0ms)
  Rendered /Users/zack/.rvm/gems/ruby-2.0.0-p648@railstutorial_rails_4_0/gems/actionpack-4.0.8/lib/action_dispatch/middleware/templates/routes/_table.html.erb (3.5ms)
  Rendered /Users/zack/.rvm/gems/ruby-2.0.0-p648@railstutorial_rails_4_0/gems/actionpack-4.0.8/lib/action_dispatch/middleware/templates/rescues/routing_error.erb within rescues/layout (30.3ms)
